This file contains any messages produced by compilers while
running configure, to aid debugging if configure makes a mistake.

It was created by linux-ftools configure 1.3.0, which was
generated by GNU Autoconf 2.68.  Invocation command line was

  $ ./configure --no-create --no-recursion

## --------- ##
## Platform. ##
## --------- ##

hostname = xhyang-OptiPlex-790
uname -m = x86_64
uname -r = 3.2.0-40-generic
uname -s = Linux
uname -v = #64-Ubuntu SMP Mon Mar 25 21:22:10 UTC 2013

/usr/bin/uname -p = unknown
/bin/uname -X     = unknown

/bin/arch              = unknown
/usr/bin/arch -k       = unknown
/usr/convex/getsysinfo = unknown
/usr/bin/hostinfo      = unknown
/bin/machine           = unknown
/usr/bin/oslevel       = unknown
/bin/universe          = unknown

PATH: /usr/lib/lightdm/lightdm
PATH: /usr/local/sbin
PATH: /usr/local/jdk/bin
PATH: /usr/local/bin
PATH: /usr/sbin
PATH: /usr/bin
PATH: /sbin
PATH: /bin
PATH: /usr/games
PATH: /usr/local/jdk/bin
PATH: /home/xhyang/usr/local/bin
PATH: /home/xhyang/usr/bin
PATH: /home/xhyang/usr/local/arm-2010q1/bin/
PATH: /home/xhyang/bin


## ----------- ##
## Core tests. ##
## ----------- ##

configure:2277: checking for a BSD-compatible install
configure:2345: result: /usr/bin/install -c
configure:2356: checking whether build environment is sane
configure:2406: result: yes
configure:2547: checking for a thread-safe mkdir -p
configure:2586: result: /bin/mkdir -p
configure:2599: checking for gawk
configure:2629: result: no
configure:2599: checking for mawk
configure:2615: found /usr/bin/mawk
configure:2626: result: mawk
configure:2637: checking whether make sets $(MAKE)
configure:2659: result: yes
configure:2790: checking for gcc
configure:2806: found /usr/bin/gcc
configure:2817: result: gcc
configure:3046: checking for C compiler version
configure:3055: gcc --version >&5
gcc (Ubuntu/Linaro 4.4.7-1ubuntu2) 4.4.7
Copyright (C) 2010 Free Software Foundation, Inc.
This is free software; see the source for copying conditions.  There is NO
warranty; not even for MERCHANTABILITY or FITNESS FOR A PARTICULAR PURPOSE.

configure:3066: $? = 0
configure:3055: gcc -v >&5
Using built-in specs.
Target: x86_64-linux-gnu
Configured with: ../src/configure -v --with-pkgversion='Ubuntu/Linaro 4.4.7-1ubuntu2' --with-bugurl=file:///usr/share/doc/gcc-4.4/README.Bugs --enable-languages=c,c++,fortran,objc,obj-c++ --prefix=/usr --program-suffix=-4.4 --enable-shared --enable-linker-build-id --with-system-zlib --libexecdir=/usr/lib --without-included-gettext --enable-threads=posix --with-gxx-include-dir=/usr/include/c++/4.4 --libdir=/usr/lib --enable-nls --with-sysroot=/ --enable-clocale=gnu --enable-libstdcxx-debug --enable-objc-gc --disable-werror --with-arch-32=i686 --with-tune=generic --enable-checking=release --build=x86_64-linux-gnu --host=x86_64-linux-gnu --target=x86_64-linux-gnu
Thread model: posix
gcc version 4.4.7 (Ubuntu/Linaro 4.4.7-1ubuntu2) 
configure:3066: $? = 0
configure:3055: gcc -V >&5
gcc: '-V' option must have argument
configure:3066: $? = 1
configure:3055: gcc -qversion >&5
gcc: unrecognized option '-qversion'
gcc: no input files
configure:3066: $? = 1
configure:3086: checking whether the C compiler works
configure:3108: gcc    conftest.c  >&5
configure:3112: $? = 0
configure:3160: result: yes
configure:3163: checking for C compiler default output file name
configure:3165: result: a.out
configure:3171: checking for suffix of executables
configure:3178: gcc -o conftest    conftest.c  >&5
configure:3182: $? = 0
configure:3204: result: 
configure:3226: checking whether we are cross compiling
configure:3234: gcc -o conftest    conftest.c  >&5
configure:3238: $? = 0
configure:3245: ./conftest
configure:3249: $? = 0
configure:3264: result: no
configure:3269: checking for suffix of object files
configure:3291: gcc -c   conftest.c >&5
configure:3295: $? = 0
configure:3316: result: o
configure:3320: checking whether we are using the GNU C compiler
configure:3339: gcc -c   conftest.c >&5
configure:3339: $? = 0
configure:3348: result: yes
configure:3357: checking whether gcc accepts -g
configure:3377: gcc -c -g  conftest.c >&5
configure:3377: $? = 0
configure:3418: result: yes
configure:3435: checking for gcc option to accept ISO C89
configure:3499: gcc  -c -g -O2  conftest.c >&5
configure:3499: $? = 0
configure:3512: result: none needed
configure:3543: checking for style of include used by make
configure:3571: result: GNU
configure:3597: checking dependency style of gcc
configure:3708: result: gcc3
configure:3731: checking how to run the C preprocessor
configure:3762: gcc -E  conftest.c
configure:3762: $? = 0
configure:3776: gcc -E  conftest.c
conftest.c:11: fatal error: ac_nonexistent.h: No such file or directory
compilation terminated.
configure:3776: $? = 1
configure: failed program was:
| /* confdefs.h */
| #define PACKAGE_NAME "linux-ftools"
| #define PACKAGE_TARNAME "linux-ftools"
| #define PACKAGE_VERSION "1.3.0"
| #define PACKAGE_STRING "linux-ftools 1.3.0"
| #define PACKAGE_BUGREPORT "BUG-REPORT-ADDRESS"
| #define PACKAGE_URL ""
| #define PACKAGE "linux-ftools"
| #define VERSION "1.3.0"
| /* end confdefs.h.  */
| #include <ac_nonexistent.h>
configure:3801: result: gcc -E
configure:3821: gcc -E  conftest.c
configure:3821: $? = 0
configure:3835: gcc -E  conftest.c
conftest.c:11: fatal error: ac_nonexistent.h: No such file or directory
compilation terminated.
configure:3835: $? = 1
configure: failed program was:
| /* confdefs.h */
| #define PACKAGE_NAME "linux-ftools"
| #define PACKAGE_TARNAME "linux-ftools"
| #define PACKAGE_VERSION "1.3.0"
| #define PACKAGE_STRING "linux-ftools 1.3.0"
| #define PACKAGE_BUGREPORT "BUG-REPORT-ADDRESS"
| #define PACKAGE_URL ""
| #define PACKAGE "linux-ftools"
| #define VERSION "1.3.0"
| /* end confdefs.h.  */
| #include <ac_nonexistent.h>
configure:3864: checking for grep that handles long lines and -e
configure:3922: result: /bin/grep
configure:3927: checking for egrep
configure:3989: result: /bin/grep -E
configure:3994: checking for ANSI C header files
configure:4014: gcc -c -g -O2  conftest.c >&5
configure:4014: $? = 0
configure:4087: gcc -o conftest -g -O2   conftest.c  >&5
configure:4087: $? = 0
configure:4087: ./conftest
configure:4087: $? = 0
configure:4098: result: yes
configure:4111: checking for sys/types.h
configure:4111: gcc -c -g -O2  conftest.c >&5
configure:4111: $? = 0
configure:4111: result: yes
configure:4111: checking for sys/stat.h
configure:4111: gcc -c -g -O2  conftest.c >&5
configure:4111: $? = 0
configure:4111: result: yes
configure:4111: checking for stdlib.h
configure:4111: gcc -c -g -O2  conftest.c >&5
configure:4111: $? = 0
configure:4111: result: yes
configure:4111: checking for string.h
configure:4111: gcc -c -g -O2  conftest.c >&5
configure:4111: $? = 0
configure:4111: result: yes
configure:4111: checking for memory.h
configure:4111: gcc -c -g -O2  conftest.c >&5
configure:4111: $? = 0
configure:4111: result: yes
configure:4111: checking for strings.h
configure:4111: gcc -c -g -O2  conftest.c >&5
configure:4111: $? = 0
configure:4111: result: yes
configure:4111: checking for inttypes.h
configure:4111: gcc -c -g -O2  conftest.c >&5
configure:4111: $? = 0
configure:4111: result: yes
configure:4111: checking for stdint.h
configure:4111: gcc -c -g -O2  conftest.c >&5
configure:4111: $? = 0
configure:4111: result: yes
configure:4111: checking for unistd.h
configure:4111: gcc -c -g -O2  conftest.c >&5
configure:4111: $? = 0
configure:4111: result: yes
configure:4126: checking fcntl.h usability
configure:4126: gcc -c -g -O2  conftest.c >&5
configure:4126: $? = 0
configure:4126: result: yes
configure:4126: checking fcntl.h presence
configure:4126: gcc -E  conftest.c
configure:4126: $? = 0
configure:4126: result: yes
configure:4126: checking for fcntl.h
configure:4126: result: yes
configure:4126: checking for stdlib.h
configure:4126: result: yes
configure:4126: checking for string.h
configure:4126: result: yes
configure:4126: checking sys/time.h usability
configure:4126: gcc -c -g -O2  conftest.c >&5
configure:4126: $? = 0
configure:4126: result: yes
configure:4126: checking sys/time.h presence
configure:4126: gcc -E  conftest.c
configure:4126: $? = 0
configure:4126: result: yes
configure:4126: checking for sys/time.h
configure:4126: result: yes
configure:4126: checking for unistd.h
configure:4126: result: yes
configure:4138: checking for stdbool.h that conforms to C99
configure:4205: gcc -c -g -O2  conftest.c >&5
configure:4205: $? = 0
configure:4212: result: yes
configure:4214: checking for _Bool
configure:4214: gcc -c -g -O2  conftest.c >&5
configure:4214: $? = 0
configure:4214: gcc -c -g -O2  conftest.c >&5
conftest.c: In function 'main':
conftest.c:62: error: expected expression before ')' token
configure:4214: $? = 1
configure: failed program was:
| /* confdefs.h */
| #define PACKAGE_NAME "linux-ftools"
| #define PACKAGE_TARNAME "linux-ftools"
| #define PACKAGE_VERSION "1.3.0"
| #define PACKAGE_STRING "linux-ftools 1.3.0"
| #define PACKAGE_BUGREPORT "BUG-REPORT-ADDRESS"
| #define PACKAGE_URL ""
| #define PACKAGE "linux-ftools"
| #define VERSION "1.3.0"
| #define STDC_HEADERS 1
| #define HAVE_SYS_TYPES_H 1
| #define HAVE_SYS_STAT_H 1
| #define HAVE_STDLIB_H 1
| #define HAVE_STRING_H 1
| #define HAVE_MEMORY_H 1
| #define HAVE_STRINGS_H 1
| #define HAVE_INTTYPES_H 1
| #define HAVE_STDINT_H 1
| #define HAVE_UNISTD_H 1
| #define HAVE_FCNTL_H 1
| #define HAVE_STDLIB_H 1
| #define HAVE_STRING_H 1
| #define HAVE_SYS_TIME_H 1
| #define HAVE_UNISTD_H 1
| /* end confdefs.h.  */
| #include <stdio.h>
| #ifdef HAVE_SYS_TYPES_H
| # include <sys/types.h>
| #endif
| #ifdef HAVE_SYS_STAT_H
| # include <sys/stat.h>
| #endif
| #ifdef STDC_HEADERS
| # include <stdlib.h>
| # include <stddef.h>
| #else
| # ifdef HAVE_STDLIB_H
| #  include <stdlib.h>
| # endif
| #endif
| #ifdef HAVE_STRING_H
| # if !defined STDC_HEADERS && defined HAVE_MEMORY_H
| #  include <memory.h>
| # endif
| # include <string.h>
| #endif
| #ifdef HAVE_STRINGS_H
| # include <strings.h>
| #endif
| #ifdef HAVE_INTTYPES_H
| # include <inttypes.h>
| #endif
| #ifdef HAVE_STDINT_H
| # include <stdint.h>
| #endif
| #ifdef HAVE_UNISTD_H
| # include <unistd.h>
| #endif
| int
| main ()
| {
| if (sizeof ((_Bool)))
| 	    return 0;
|   ;
|   return 0;
| }
configure:4214: result: yes
configure:4230: checking for size_t
configure:4230: gcc -c -g -O2  conftest.c >&5
configure:4230: $? = 0
configure:4230: gcc -c -g -O2  conftest.c >&5
conftest.c: In function 'main':
conftest.c:64: error: expected expression before ')' token
configure:4230: $? = 1
configure: failed program was:
| /* confdefs.h */
| #define PACKAGE_NAME "linux-ftools"
| #define PACKAGE_TARNAME "linux-ftools"
| #define PACKAGE_VERSION "1.3.0"
| #define PACKAGE_STRING "linux-ftools 1.3.0"
| #define PACKAGE_BUGREPORT "BUG-REPORT-ADDRESS"
| #define PACKAGE_URL ""
| #define PACKAGE "linux-ftools"
| #define VERSION "1.3.0"
| #define STDC_HEADERS 1
| #define HAVE_SYS_TYPES_H 1
| #define HAVE_SYS_STAT_H 1
| #define HAVE_STDLIB_H 1
| #define HAVE_STRING_H 1
| #define HAVE_MEMORY_H 1
| #define HAVE_STRINGS_H 1
| #define HAVE_INTTYPES_H 1
| #define HAVE_STDINT_H 1
| #define HAVE_UNISTD_H 1
| #define HAVE_FCNTL_H 1
| #define HAVE_STDLIB_H 1
| #define HAVE_STRING_H 1
| #define HAVE_SYS_TIME_H 1
| #define HAVE_UNISTD_H 1
| #define HAVE__BOOL 1
| #define HAVE_STDBOOL_H 1
| /* end confdefs.h.  */
| #include <stdio.h>
| #ifdef HAVE_SYS_TYPES_H
| # include <sys/types.h>
| #endif
| #ifdef HAVE_SYS_STAT_H
| # include <sys/stat.h>
| #endif
| #ifdef STDC_HEADERS
| # include <stdlib.h>
| # include <stddef.h>
| #else
| # ifdef HAVE_STDLIB_H
| #  include <stdlib.h>
| # endif
| #endif
| #ifdef HAVE_STRING_H
| # if !defined STDC_HEADERS && defined HAVE_MEMORY_H
| #  include <memory.h>
| # endif
| # include <string.h>
| #endif
| #ifdef HAVE_STRINGS_H
| # include <strings.h>
| #endif
| #ifdef HAVE_INTTYPES_H
| # include <inttypes.h>
| #endif
| #ifdef HAVE_STDINT_H
| # include <stdint.h>
| #endif
| #ifdef HAVE_UNISTD_H
| # include <unistd.h>
| #endif
| int
| main ()
| {
| if (sizeof ((size_t)))
| 	    return 0;
|   ;
|   return 0;
| }
configure:4230: result: yes
configure:4241: checking for struct stat.st_blksize
configure:4241: gcc -c -g -O2  conftest.c >&5
configure:4241: $? = 0
configure:4241: result: yes
configure:4251: checking for struct stat.st_blocks
configure:4251: gcc -c -g -O2  conftest.c >&5
configure:4251: $? = 0
configure:4251: result: yes
configure:4275: checking for stdlib.h
configure:4275: result: yes
configure:4285: checking for GNU libc compatible malloc
configure:4309: gcc -o conftest -g -O2   conftest.c  >&5
configure:4309: $? = 0
configure:4309: ./conftest
configure:4309: $? = 0
configure:4319: result: yes
configure:4346: checking for stdlib.h
configure:4346: result: yes
configure:4346: checking for unistd.h
configure:4346: result: yes
configure:4346: checking for sys/param.h
configure:4346: gcc -c -g -O2  conftest.c >&5
configure:4346: $? = 0
configure:4346: result: yes
configure:4366: checking for getpagesize
configure:4366: gcc -o conftest -g -O2   conftest.c  >&5
configure:4366: $? = 0
configure:4366: result: yes
configure:4375: checking for working mmap
configure:4522: gcc -o conftest -g -O2   conftest.c  >&5
configure:4522: $? = 0
configure:4522: ./conftest
configure:4522: $? = 0
configure:4532: result: yes
configure:4544: checking for getpagesize
configure:4544: result: yes
configure:4544: checking for memset
configure:4544: gcc -o conftest -g -O2   conftest.c  >&5
conftest.c:62: warning: conflicting types for built-in function 'memset'
configure:4544: $? = 0
configure:4544: result: yes
configure:4544: checking for munmap
configure:4544: gcc -o conftest -g -O2   conftest.c  >&5
configure:4544: $? = 0
configure:4544: result: yes
configure:4544: checking for strtol
configure:4544: gcc -o conftest -g -O2   conftest.c  >&5
configure:4544: $? = 0
configure:4544: result: yes
configure:4726: creating ./config.status

## ---------------- ##
## Cache variables. ##
## ---------------- ##

ac_cv_c_compiler_gnu=yes
ac_cv_env_CC_set=
ac_cv_env_CC_value=
ac_cv_env_CFLAGS_set=
ac_cv_env_CFLAGS_value=
ac_cv_env_CPPFLAGS_set=
ac_cv_env_CPPFLAGS_value=
ac_cv_env_CPP_set=
ac_cv_env_CPP_value=
ac_cv_env_LDFLAGS_set=
ac_cv_env_LDFLAGS_value=
ac_cv_env_LIBS_set=
ac_cv_env_LIBS_value=
ac_cv_env_build_alias_set=
ac_cv_env_build_alias_value=
ac_cv_env_host_alias_set=
ac_cv_env_host_alias_value=
ac_cv_env_target_alias_set=
ac_cv_env_target_alias_value=
ac_cv_func_getpagesize=yes
ac_cv_func_malloc_0_nonnull=yes
ac_cv_func_memset=yes
ac_cv_func_mmap_fixed_mapped=yes
ac_cv_func_munmap=yes
ac_cv_func_strtol=yes
ac_cv_header_fcntl_h=yes
ac_cv_header_inttypes_h=yes
ac_cv_header_memory_h=yes
ac_cv_header_stdbool_h=yes
ac_cv_header_stdc=yes
ac_cv_header_stdint_h=yes
ac_cv_header_stdlib_h=yes
ac_cv_header_string_h=yes
ac_cv_header_strings_h=yes
ac_cv_header_sys_param_h=yes
ac_cv_header_sys_stat_h=yes
ac_cv_header_sys_time_h=yes
ac_cv_header_sys_types_h=yes
ac_cv_header_unistd_h=yes
ac_cv_member_struct_stat_st_blksize=yes
ac_cv_member_struct_stat_st_blocks=yes
ac_cv_objext=o
ac_cv_path_EGREP='/bin/grep -E'
ac_cv_path_GREP=/bin/grep
ac_cv_path_install='/usr/bin/install -c'
ac_cv_path_mkdir=/bin/mkdir
ac_cv_prog_AWK=mawk
ac_cv_prog_CPP='gcc -E'
ac_cv_prog_ac_ct_CC=gcc
ac_cv_prog_cc_c89=
ac_cv_prog_cc_g=yes
ac_cv_prog_make_make_set=yes
ac_cv_type__Bool=yes
ac_cv_type_size_t=yes
am_cv_CC_dependencies_compiler_type=gcc3

## ----------------- ##
## Output variables. ##
## ----------------- ##

ACLOCAL='${SHELL} /home/xhyang/src/linux-ftools/missing --run aclocal-1.11'
AMDEPBACKSLASH='\'
AMDEP_FALSE='#'
AMDEP_TRUE=''
AMTAR='$${TAR-tar}'
AUTOCONF='${SHELL} /home/xhyang/src/linux-ftools/missing --run autoconf'
AUTOHEADER='${SHELL} /home/xhyang/src/linux-ftools/missing --run autoheader'
AUTOMAKE='${SHELL} /home/xhyang/src/linux-ftools/missing --run automake-1.11'
AWK='mawk'
CC='gcc'
CCDEPMODE='depmode=gcc3'
CFLAGS='-g -O2'
CPP='gcc -E'
CPPFLAGS=''
CYGPATH_W='echo'
DEFS='-DPACKAGE_NAME=\"linux-ftools\" -DPACKAGE_TARNAME=\"linux-ftools\" -DPACKAGE_VERSION=\"1.3.0\" -DPACKAGE_STRING=\"linux-ftools\ 1.3.0\" -DPACKAGE_BUGREPORT=\"BUG-REPORT-ADDRESS\" -DPACKAGE_URL=\"\" -DPACKAGE=\"linux-ftools\" -DVERSION=\"1.3.0\" -DSTDC_HEADERS=1 -DHAVE_SYS_TYPES_H=1 -DHAVE_SYS_STAT_H=1 -DHAVE_STDLIB_H=1 -DHAVE_STRING_H=1 -DHAVE_MEMORY_H=1 -DHAVE_STRINGS_H=1 -DHAVE_INTTYPES_H=1 -DHAVE_STDINT_H=1 -DHAVE_UNISTD_H=1 -DHAVE_FCNTL_H=1 -DHAVE_STDLIB_H=1 -DHAVE_STRING_H=1 -DHAVE_SYS_TIME_H=1 -DHAVE_UNISTD_H=1 -DHAVE__BOOL=1 -DHAVE_STDBOOL_H=1 -DHAVE_STRUCT_STAT_ST_BLKSIZE=1 -DHAVE_STRUCT_STAT_ST_BLOCKS=1 -DHAVE_ST_BLOCKS=1 -DHAVE_STDLIB_H=1 -DHAVE_MALLOC=1 -DHAVE_STDLIB_H=1 -DHAVE_UNISTD_H=1 -DHAVE_SYS_PARAM_H=1 -DHAVE_GETPAGESIZE=1 -DHAVE_MMAP=1 -DHAVE_GETPAGESIZE=1 -DHAVE_MEMSET=1 -DHAVE_MUNMAP=1 -DHAVE_STRTOL=1'
DEPDIR='.deps'
ECHO_C=''
ECHO_N='-n'
ECHO_T=''
EGREP='/bin/grep -E'
EXEEXT=''
GREP='/bin/grep'
INSTALL_DATA='${INSTALL} -m 644'
INSTALL_PROGRAM='${INSTALL}'
INSTALL_SCRIPT='${INSTALL}'
INSTALL_STRIP_PROGRAM='$(install_sh) -c -s'
LDFLAGS=''
LIBOBJS=''
LIBS=''
LTLIBOBJS=''
MAKEINFO='${SHELL} /home/xhyang/src/linux-ftools/missing --run makeinfo'
MKDIR_P='/bin/mkdir -p'
OBJEXT='o'
PACKAGE='linux-ftools'
PACKAGE_BUGREPORT='BUG-REPORT-ADDRESS'
PACKAGE_NAME='linux-ftools'
PACKAGE_STRING='linux-ftools 1.3.0'
PACKAGE_TARNAME='linux-ftools'
PACKAGE_URL=''
PACKAGE_VERSION='1.3.0'
PATH_SEPARATOR=':'
SET_MAKE=''
SHELL='/bin/sh'
STRIP=''
VERSION='1.3.0'
ac_ct_CC='gcc'
am__EXEEXT_FALSE=''
am__EXEEXT_TRUE='#'
am__fastdepCC_FALSE='#'
am__fastdepCC_TRUE=''
am__include='include'
am__isrc=''
am__leading_dot='.'
am__nodep='_no'
am__quote=''
am__tar='$${TAR-tar} chof - "$$tardir"'
am__untar='$${TAR-tar} xf -'
bindir='${exec_prefix}/bin'
build_alias=''
datadir='${datarootdir}'
datarootdir='${prefix}/share'
docdir='${datarootdir}/doc/${PACKAGE_TARNAME}'
dvidir='${docdir}'
exec_prefix='${prefix}'
host_alias=''
htmldir='${docdir}'
includedir='${prefix}/include'
infodir='${datarootdir}/info'
install_sh='${SHELL} /home/xhyang/src/linux-ftools/install-sh'
libdir='${exec_prefix}/lib'
libexecdir='${exec_prefix}/libexec'
localedir='${datarootdir}/locale'
localstatedir='${prefix}/var'
mandir='${datarootdir}/man'
mkdir_p='/bin/mkdir -p'
oldincludedir='/usr/include'
pdfdir='${docdir}'
prefix='/usr/local'
program_transform_name='s,x,x,'
psdir='${docdir}'
sbindir='${exec_prefix}/sbin'
sharedstatedir='${prefix}/com'
sysconfdir='${prefix}/etc'
target_alias=''

## ----------- ##
## confdefs.h. ##
## ----------- ##

/* confdefs.h */
#define PACKAGE_NAME "linux-ftools"
#define PACKAGE_TARNAME "linux-ftools"
#define PACKAGE_VERSION "1.3.0"
#define PACKAGE_STRING "linux-ftools 1.3.0"
#define PACKAGE_BUGREPORT "BUG-REPORT-ADDRESS"
#define PACKAGE_URL ""
#define PACKAGE "linux-ftools"
#define VERSION "1.3.0"
#define STDC_HEADERS 1
#define HAVE_SYS_TYPES_H 1
#define HAVE_SYS_STAT_H 1
#define HAVE_STDLIB_H 1
#define HAVE_STRING_H 1
#define HAVE_MEMORY_H 1
#define HAVE_STRINGS_H 1
#define HAVE_INTTYPES_H 1
#define HAVE_STDINT_H 1
#define HAVE_UNISTD_H 1
#define HAVE_FCNTL_H 1
#define HAVE_STDLIB_H 1
#define HAVE_STRING_H 1
#define HAVE_SYS_TIME_H 1
#define HAVE_UNISTD_H 1
#define HAVE__BOOL 1
#define HAVE_STDBOOL_H 1
#define HAVE_STRUCT_STAT_ST_BLKSIZE 1
#define HAVE_STRUCT_STAT_ST_BLOCKS 1
#define HAVE_ST_BLOCKS 1
#define HAVE_STDLIB_H 1
#define HAVE_MALLOC 1
#define HAVE_STDLIB_H 1
#define HAVE_UNISTD_H 1
#define HAVE_SYS_PARAM_H 1
#define HAVE_GETPAGESIZE 1
#define HAVE_MMAP 1
#define HAVE_GETPAGESIZE 1
#define HAVE_MEMSET 1
#define HAVE_MUNMAP 1
#define HAVE_STRTOL 1

configure: exit 0

## ---------------------- ##
## Running config.status. ##
## ---------------------- ##

This file was extended by linux-ftools config.status 1.3.0, which was
generated by GNU Autoconf 2.68.  Invocation command line was

  CONFIG_FILES    = 
  CONFIG_HEADERS  = 
  CONFIG_LINKS    = 
  CONFIG_COMMANDS = 
  $ ./config.status 

on xhyang-OptiPlex-790

config.status:787: creating Makefile
config.status:959: executing depfiles commands
